<?xml version="1.0" encoding="UTF-8"?>
<testsuite name="com.bank_app.bank_app.BankAppApplicationTests" tests="1" skipped="0" failures="0" errors="0" timestamp="2022-12-01T04:06:10" hostname="ABBAS" time="0.054">
  <properties/>
  <testcase name="testGetAppointmentList()" classname="com.bank_app.bank_app.BankAppApplicationTests" time="0.054"/>
  <system-out><![CDATA[22:06:01.030 [Test worker] DEBUG org.springframework.test.context.BootstrapUtils - Instantiating CacheAwareContextLoaderDelegate from class [org.springframework.test.context.cache.DefaultCacheAwareContextLoaderDelegate]
22:06:01.047 [Test worker] DEBUG org.springframework.test.context.BootstrapUtils - Instantiating BootstrapContext using constructor [public org.springframework.test.context.support.DefaultBootstrapContext(java.lang.Class,org.springframework.test.context.CacheAwareContextLoaderDelegate)]
22:06:01.099 [Test worker] DEBUG org.springframework.test.context.BootstrapUtils - Instantiating TestContextBootstrapper for test class [com.bank_app.bank_app.BankAppApplicationTests] from class [org.springframework.boot.test.context.SpringBootTestContextBootstrapper]
22:06:01.110 [Test worker] INFO org.springframework.boot.test.context.SpringBootTestContextBootstrapper - Neither @ContextConfiguration nor @ContextHierarchy found for test class [com.bank_app.bank_app.BankAppApplicationTests], using SpringBootContextLoader
22:06:01.114 [Test worker] DEBUG org.springframework.test.context.support.AbstractContextLoader - Did not detect default resource location for test class [com.bank_app.bank_app.BankAppApplicationTests]: class path resource [com/bank_app/bank_app/BankAppApplicationTests-context.xml] does not exist
22:06:01.114 [Test worker] DEBUG org.springframework.test.context.support.AbstractContextLoader - Did not detect default resource location for test class [com.bank_app.bank_app.BankAppApplicationTests]: class path resource [com/bank_app/bank_app/BankAppApplicationTestsContext.groovy] does not exist
22:06:01.115 [Test worker] INFO org.springframework.test.context.support.AbstractContextLoader - Could not detect default resource locations for test class [com.bank_app.bank_app.BankAppApplicationTests]: no resource found for suffixes {-context.xml, Context.groovy}.
22:06:01.115 [Test worker] INFO org.springframework.test.context.support.AnnotationConfigContextLoaderUtils - Could not detect default configuration classes for test class [com.bank_app.bank_app.BankAppApplicationTests]: BankAppApplicationTests does not declare any static, non-private, non-final, nested classes annotated with @Configuration.
22:06:01.167 [Test worker] DEBUG org.springframework.test.context.support.ActiveProfilesUtils - Could not find an 'annotation declaring class' for annotation type [org.springframework.test.context.ActiveProfiles] and class [com.bank_app.bank_app.BankAppApplicationTests]
22:06:01.276 [Test worker] DEBUG org.springframework.context.annotation.ClassPathScanningCandidateComponentProvider - Identified candidate component class: file [E:\UCM STUFF\2nd Semester\Adv Software Engineering\termProjectCode\bank_appointment\build\classes\java\main\com\bank_app\bank_app\BankAppApplication.class]
22:06:01.278 [Test worker] INFO org.springframework.boot.test.context.SpringBootTestContextBootstrapper - Found @SpringBootConfiguration com.bank_app.bank_app.BankAppApplication for test class com.bank_app.bank_app.BankAppApplicationTests
22:06:01.450 [Test worker] DEBUG org.springframework.boot.test.context.SpringBootTestContextBootstrapper - @TestExecutionListeners is not present for class [com.bank_app.bank_app.BankAppApplicationTests]: using defaults.
22:06:01.450 [Test worker] INFO org.springframework.boot.test.context.SpringBootTestContextBootstrapper - Loaded default TestExecutionListener class names from location [META-INF/spring.factories]: [org.springframework.boot.test.autoconfigure.restdocs.RestDocsTestExecutionListener, org.springframework.boot.test.autoconfigure.web.client.MockRestServiceServerResetTestExecutionListener, org.springframework.boot.test.autoconfigure.web.servlet.MockMvcPrintOnlyOnFailureTestExecutionListener, org.springframework.boot.test.autoconfigure.web.servlet.WebDriverTestExecutionListener, org.springframework.boot.test.autoconfigure.webservices.client.MockWebServiceServerTestExecutionListener, org.springframework.boot.test.mock.mockito.MockitoTestExecutionListener, org.springframework.boot.test.mock.mockito.ResetMocksTestExecutionListener, org.springframework.test.context.web.ServletTestExecutionListener, org.springframework.test.context.support.DirtiesContextBeforeModesTestExecutionListener, org.springframework.test.context.event.ApplicationEventsTestExecutionListener, org.springframework.test.context.support.DependencyInjectionTestExecutionListener, org.springframework.test.context.support.DirtiesContextTestExecutionListener, org.springframework.test.context.transaction.TransactionalTestExecutionListener, org.springframework.test.context.jdbc.SqlScriptsTestExecutionListener, org.springframework.test.context.event.EventPublishingTestExecutionListener]
22:06:01.480 [Test worker] INFO org.springframework.boot.test.context.SpringBootTestContextBootstrapper - Using TestExecutionListeners: [org.springframework.test.context.web.ServletTestExecutionListener@7e985ce9, org.springframework.test.context.support.DirtiesContextBeforeModesTestExecutionListener@2a39fe6a, org.springframework.test.context.event.ApplicationEventsTestExecutionListener@410ae9a3, org.springframework.boot.test.mock.mockito.MockitoTestExecutionListener@319988b0, org.springframework.boot.test.autoconfigure.SpringBootDependencyInjectionTestExecutionListener@d5ae57e, org.springframework.test.context.support.DirtiesContextTestExecutionListener@68759011, org.springframework.test.context.transaction.TransactionalTestExecutionListener@7e242b4d, org.springframework.test.context.jdbc.SqlScriptsTestExecutionListener@305f031, org.springframework.test.context.event.EventPublishingTestExecutionListener@592e843a, org.springframework.boot.test.autoconfigure.restdocs.RestDocsTestExecutionListener@1d1f7216, org.springframework.boot.test.autoconfigure.web.client.MockRestServiceServerResetTestExecutionListener@423e4cbb, org.springframework.boot.test.autoconfigure.web.servlet.MockMvcPrintOnlyOnFailureTestExecutionListener@6e16b8b5, org.springframework.boot.test.autoconfigure.web.servlet.WebDriverTestExecutionListener@43b4fe19, org.springframework.boot.test.autoconfigure.webservices.client.MockWebServiceServerTestExecutionListener@25ddbbbb, org.springframework.boot.test.mock.mockito.ResetMocksTestExecutionListener@1536602f]
22:06:01.487 [Test worker] DEBUG org.springframework.test.context.support.AbstractDirtiesContextTestExecutionListener - Before test class: context [DefaultTestContext@5cc126dc testClass = BankAppApplicationTests, testInstance = [null], testMethod = [null], testException = [null], mergedContextConfiguration = [WebMergedContextConfiguration@625e134e testClass = BankAppApplicationTests, locations = '{}', classes = '{class com.bank_app.bank_app.BankAppApplication}', contextInitializerClasses = '[]', activeProfiles = '{}', propertySourceLocations = '{}', propertySourceProperties = '{org.springframework.boot.test.context.SpringBootTestContextBootstrapper=true}', contextCustomizers = set[org.springframework.boot.test.autoconfigure.actuate.metrics.MetricsExportContextCustomizerFactory$DisableMetricExportContextCustomizer@53de625d, org.springframework.boot.test.autoconfigure.properties.PropertyMappingContextCustomizer@0, org.springframework.boot.test.autoconfigure.web.servlet.WebDriverContextCustomizerFactory$Customizer@51acdf2e, org.springframework.boot.test.context.filter.ExcludeFilterContextCustomizer@3a0baae5, org.springframework.boot.test.json.DuplicateJsonObjectContextCustomizerFactory$DuplicateJsonObjectContextCustomizer@403f0a22, org.springframework.boot.test.mock.mockito.MockitoContextCustomizer@0, org.springframework.boot.test.web.client.TestRestTemplateContextCustomizer@6d1ef78d, org.springframework.boot.test.context.SpringBootTestArgs@1, org.springframework.boot.test.context.SpringBootTestWebEnvironment@4d02f94e], resourceBasePath = 'src/main/webapp', contextLoader = 'org.springframework.boot.test.context.SpringBootContextLoader', parent = [null]], attributes = map['org.springframework.test.context.web.ServletTestExecutionListener.activateListener' -> true]], class annotated with @DirtiesContext [false] with mode [null].

  .   ____          _            __ _ _
 /\\ / ___'_ __ _ _(_)_ __  __ _ \ \ \ \
( ( )\___ | '_ | '_| | '_ \/ _` | \ \ \ \
 \\/  ___)| |_)| | | | | || (_| |  ) ) ) )
  '  |____| .__|_| |_|_| |_\__, | / / / /
 =========|_|==============|___/=/_/_/_/
 :: Spring Boot ::                (v2.7.5)

2022-11-30 22:06:03.002  INFO 8324 --- [    Test worker] c.b.bank_app.BankAppApplicationTests     : Starting BankAppApplicationTests using Java 16.0.1 on Abbas with PID 8324 (started by 91767 in E:\UCM STUFF\2nd Semester\Adv Software Engineering\termProjectCode\bank_appointment)
2022-11-30 22:06:03.004  INFO 8324 --- [    Test worker] c.b.bank_app.BankAppApplicationTests     : No active profile set, falling back to 1 default profile: "default"
2022-11-30 22:06:04.363  INFO 8324 --- [    Test worker] .s.d.r.c.RepositoryConfigurationDelegate : Bootstrapping Spring Data JPA repositories in DEFAULT mode.
2022-11-30 22:06:04.497  INFO 8324 --- [    Test worker] .s.d.r.c.RepositoryConfigurationDelegate : Finished Spring Data repository scanning in 111 ms. Found 3 JPA repository interfaces.
2022-11-30 22:06:05.357  INFO 8324 --- [    Test worker] com.zaxxer.hikari.HikariDataSource       : HikariPool-1 - Starting...
2022-11-30 22:06:06.092  INFO 8324 --- [    Test worker] com.zaxxer.hikari.HikariDataSource       : HikariPool-1 - Start completed.
2022-11-30 22:06:06.664  INFO 8324 --- [    Test worker] o.hibernate.jpa.internal.util.LogHelper  : HHH000204: Processing PersistenceUnitInfo [name: default]
2022-11-30 22:06:06.824  INFO 8324 --- [    Test worker] org.hibernate.Version                    : HHH000412: Hibernate ORM core version 5.6.12.Final
2022-11-30 22:06:06.937  INFO 8324 --- [    Test worker] o.hibernate.annotations.common.Version   : HCANN000001: Hibernate Commons Annotations {5.1.2.Final}
2022-11-30 22:06:07.108  INFO 8324 --- [    Test worker] org.hibernate.dialect.Dialect            : HHH000400: Using dialect: org.hibernate.dialect.MySQL8Dialect
2022-11-30 22:06:07.718  INFO 8324 --- [    Test worker] o.h.e.t.j.p.i.JtaPlatformInitiator       : HHH000490: Using JtaPlatform implementation: [org.hibernate.engine.transaction.jta.platform.internal.NoJtaPlatform]
2022-11-30 22:06:07.729  INFO 8324 --- [    Test worker] j.LocalContainerEntityManagerFactoryBean : Initialized JPA EntityManagerFactory for persistence unit 'default'
2022-11-30 22:06:08.986  WARN 8324 --- [    Test worker] JpaBaseConfiguration$JpaWebConfiguration : spring.jpa.open-in-view is enabled by default. Therefore, database queries may be performed during view rendering. Explicitly configure spring.jpa.open-in-view to disable this warning
2022-11-30 22:06:10.179  INFO 8324 --- [    Test worker] c.b.bank_app.BankAppApplicationTests     : Started BankAppApplicationTests in 7.838 seconds (JVM running for 10.572)
]]></system-out>
  <system-err><![CDATA[]]></system-err>
</testsuite>
